<?xml version="1.0" encoding="utf-8"?><testsuites name="pytest tests"><testsuite name="pytest" errors="0" failures="0" skipped="0" tests="6" time="92.552" timestamp="2025-10-30T16:48:02.705616-07:00" hostname="MacBook-Pro.local"><testcase classname="tests.test_comments" name="test_first_comment_of_top_story_if_exists" time="30.910" /><testcase classname="tests.test_edge_cases" name="test_invalid_item_id_returns_none" time="10.257" /><testcase classname="tests.test_edge_cases" name="test_negative_item_id_is_invalid_but_server_response_is_graceful" time="10.252" /><testcase classname="tests.test_items_api" name="test_current_top_story_details_type_story_and_fields" time="20.495" /><testcase classname="tests.test_top_stories" name="test_top_stories_returns_non_empty_list_and_ints" time="10.244" /><testcase classname="tests.test_top_stories" name="test_top_stories_performance_under_2s" time="10.255" /></testsuite></testsuites>